<?xml version="1.0" encoding="UTF-8"?>
<Site BuildName="Linux-g++"
	BuildStamp="20240126-1754-Experimental"
	Name="dbserver3"
	Generator="ctest-3.26.1"
	CompilerName="/usr/bin/g++"
	CompilerVersion="11.4.0"
	OSName="Linux"
	Hostname="dbserver3"
	OSRelease="5.15.0-89-generic"
	OSVersion="#99-Ubuntu SMP Mon Oct 30 20:42:41 UTC 2023"
	OSPlatform="x86_64"
	Is64Bits="1"
	VendorString="GenuineIntel"
	VendorID="Intel Corporation"
	FamilyID="6"
	ModelID="106"
	ProcessorCacheSize="58368"
	NumberOfLogicalCPU="152"
	NumberOfPhysicalCPU="76"
	TotalVirtualMemory="8191"
	TotalPhysicalMemory="192583"
	LogicalProcessorsPerPhysical="2"
	ProcessorClockFrequency="2400"
	>
	<Testing>
		<StartDateTime>Jan 26 17:54 UTC</StartDateTime>
		<StartTestTime>1706291659</StartTestTime>
		<TestList/>
		<EndDateTime>Jan 26 17:54 UTC</EndDateTime>
		<EndTestTime>1706291659</EndTestTime>
		<ElapsedMinutes>0</ElapsedMinutes>
	</Testing>
</Site>
